  Reverse1.c
C:\Users\rootkit\Desktop\2022江南大学信息安全竞赛\Reverse\eml和pdf隐写的加密\easyCs\Reverse1.c(382,17): warning C4018: “<”: 有符号/无符号不匹配
C:\Users\rootkit\Desktop\2022江南大学信息安全竞赛\Reverse\eml和pdf隐写的加密\easyCs\Reverse1.c(388,17): warning C4018: “<”: 有符号/无符号不匹配
C:\Users\rootkit\Desktop\2022江南大学信息安全竞赛\Reverse\eml和pdf隐写的加密\easyCs\Reverse1.c(394,17): warning C4018: “<”: 有符号/无符号不匹配
C:\Users\rootkit\Desktop\2022江南大学信息安全竞赛\Reverse\eml和pdf隐写的加密\easyCs\Reverse1.c(400,17): warning C4018: “<”: 有符号/无符号不匹配
C:\Users\rootkit\Desktop\2022江南大学信息安全竞赛\Reverse\eml和pdf隐写的加密\easyCs\Reverse1.c(406,17): warning C4018: “<”: 有符号/无符号不匹配
C:\Users\rootkit\Desktop\2022江南大学信息安全竞赛\Reverse\eml和pdf隐写的加密\easyCs\Reverse1.c(440,52): warning C4133: “函数”: 从“WCHAR [260]”到“const char *”的类型不兼容
C:\Users\rootkit\Desktop\2022江南大学信息安全竞赛\Reverse\eml和pdf隐写的加密\easyCs\Reverse1.c(440,103): warning C4133: “函数”: 从“WCHAR [260]”到“const char *”的类型不兼容
C:\Users\rootkit\Desktop\2022江南大学信息安全竞赛\Reverse\eml和pdf隐写的加密\easyCs\Reverse1.c(446,29): warning C4133: “函数”: 从“unsigned short [12]”到“const char *”的类型不兼容
C:\Users\rootkit\Desktop\2022江南大学信息安全竞赛\Reverse\eml和pdf隐写的加密\easyCs\Reverse1.c(446,72): warning C4133: “函数”: 从“WCHAR [260]”到“char *”的类型不兼容
C:\Users\rootkit\Desktop\2022江南大学信息安全竞赛\Reverse\eml和pdf隐写的加密\easyCs\Reverse1.c(452,32): warning C4133: “函数”: 从“unsigned short [15]”到“const char *”的类型不兼容
C:\Users\rootkit\Desktop\2022江南大学信息安全竞赛\Reverse\eml和pdf隐写的加密\easyCs\Reverse1.c(452,75): warning C4133: “函数”: 从“WCHAR [260]”到“char *”的类型不兼容
C:\Users\rootkit\Desktop\2022江南大学信息安全竞赛\Reverse\eml和pdf隐写的加密\easyCs\Reverse1.c(422,7): warning C4101: “key”: 未引用的局部变量
C:\Users\rootkit\Desktop\2022江南大学信息安全竞赛\Reverse\eml和pdf隐写的加密\easyCs\Reverse1.c(523,36): warning C4133: “函数”: 从“unsigned char [96]”到“int *”的类型不兼容
C:\Users\rootkit\Desktop\2022江南大学信息安全竞赛\Reverse\eml和pdf隐写的加密\easyCs\Reverse1.c(504,12): warning C4101: “k”: 未引用的局部变量
C:\Users\rootkit\Desktop\2022江南大学信息安全竞赛\Reverse\eml和pdf隐写的加密\easyCs\Reverse1.c(504,9): warning C4101: “j”: 未引用的局部变量
C:\Users\rootkit\Desktop\2022江南大学信息安全竞赛\Reverse\eml和pdf隐写的加密\easyCs\Reverse1.c(504,6): warning C4101: “i”: 未引用的局部变量
C:\Users\rootkit\Desktop\2022江南大学信息安全竞赛\Reverse\eml和pdf隐写的加密\easyCs\Reverse1.c(533,37): warning C4028: 形参 1 与声明不同
C:\Users\rootkit\Desktop\2022江南大学信息安全竞赛\Reverse\eml和pdf隐写的加密\easyCs\Reverse1.c(537,9): warning C4101: “j”: 未引用的局部变量
C:\Users\rootkit\Desktop\2022江南大学信息安全竞赛\Reverse\eml和pdf隐写的加密\easyCs\Reverse1.c(554,41): warning C4028: 形参 1 与声明不同
C:\Users\rootkit\Desktop\2022江南大学信息安全竞赛\Reverse\eml和pdf隐写的加密\easyCs\Reverse1.c(565,101): warning C4133: “函数”: 从“char [65]”到“int *”的类型不兼容
C:\Users\rootkit\Desktop\2022江南大学信息安全竞赛\Reverse\eml和pdf隐写的加密\easyCs\Reverse1.c(565,111): warning C4133: “函数”: 从“char [7]”到“int *”的类型不兼容
C:\Users\rootkit\Desktop\2022江南大学信息安全竞赛\Reverse\eml和pdf隐写的加密\easyCs\Reverse1.c(568,101): warning C4133: “函数”: 从“char [65]”到“int *”的类型不兼容
C:\Users\rootkit\Desktop\2022江南大学信息安全竞赛\Reverse\eml和pdf隐写的加密\easyCs\Reverse1.c(568,112): warning C4133: “函数”: 从“char [8]”到“int *”的类型不兼容
C:\Users\rootkit\Desktop\2022江南大学信息安全竞赛\Reverse\eml和pdf隐写的加密\easyCs\Reverse1.c(585,23): warning C4018: “<”: 有符号/无符号不匹配
C:\Users\rootkit\Desktop\2022江南大学信息安全竞赛\Reverse\eml和pdf隐写的加密\easyCs\Reverse1.c(621,35): warning C4047: “函数”:“int”与“char [11]”的间接级别不同
C:\Users\rootkit\Desktop\2022江南大学信息安全竞赛\Reverse\eml和pdf隐写的加密\easyCs\Reverse1.c(621,23): warning C4024: “b64encode”: 形参和实参 2 的类型不同
C:\Users\rootkit\Desktop\2022江南大学信息安全竞赛\Reverse\eml和pdf隐写的加密\easyCs\Reverse1.c(621,37): warning C4020: “b64encode”: 实参太多
C:\Users\rootkit\Desktop\2022江南大学信息安全竞赛\Reverse\eml和pdf隐写的加密\easyCs\Reverse1.c(650,16): warning C4018: “<”: 有符号/无符号不匹配
C:\Users\rootkit\Desktop\2022江南大学信息安全竞赛\Reverse\eml和pdf隐写的加密\easyCs\Reverse1.c(655,16): warning C4018: “<”: 有符号/无符号不匹配
C:\Users\rootkit\Desktop\2022江南大学信息安全竞赛\Reverse\eml和pdf隐写的加密\easyCs\Reverse1.c(660,21): warning C4133: “函数”: 从“int [64]”到“unsigned char *”的类型不兼容
C:\Users\rootkit\Desktop\2022江南大学信息安全竞赛\Reverse\eml和pdf隐写的加密\easyCs\Reverse1.c(661,16): warning C4018: “<”: 有符号/无符号不匹配
C:\Users\rootkit\Desktop\2022江南大学信息安全竞赛\Reverse\eml和pdf隐写的加密\easyCs\Reverse1.c(642,12): warning C4244: “初始化”: 从“time_t”转换到“int”，可能丢失数据
C:\Users\rootkit\Desktop\2022江南大学信息安全竞赛\Reverse\eml和pdf隐写的加密\easyCs\Reverse1.c(716,13): warning C4018: “<”: 有符号/无符号不匹配
C:\Users\rootkit\Desktop\2022江南大学信息安全竞赛\Reverse\eml和pdf隐写的加密\easyCs\Reverse1.c(726,13): warning C4018: “<”: 有符号/无符号不匹配
C:\Users\rootkit\Desktop\2022江南大学信息安全竞赛\Reverse\eml和pdf隐写的加密\easyCs\Reverse1.c(737,13): warning C4018: “<”: 有符号/无符号不匹配
C:\Users\rootkit\Desktop\2022江南大学信息安全竞赛\Reverse\eml和pdf隐写的加密\easyCs\Reverse1.c(747,13): warning C4018: “<”: 有符号/无符号不匹配
C:\Users\rootkit\Desktop\2022江南大学信息安全竞赛\Reverse\eml和pdf隐写的加密\easyCs\Reverse1.c(761,39): warning C4028: 形参 1 与声明不同
C:\Users\rootkit\Desktop\2022江南大学信息安全竞赛\Reverse\eml和pdf隐写的加密\easyCs\Reverse1.c(761,50): warning C4028: 形参 2 与声明不同
C:\Users\rootkit\Desktop\2022江南大学信息安全竞赛\Reverse\eml和pdf隐写的加密\easyCs\Reverse1.c(767,8): warning C4101: “re”: 未引用的局部变量
C:\Users\rootkit\Desktop\2022江南大学信息安全竞赛\Reverse\eml和pdf隐写的加密\easyCs\Reverse1.c(834,16): warning C4018: “<”: 有符号/无符号不匹配
C:\Users\rootkit\Desktop\2022江南大学信息安全竞赛\Reverse\eml和pdf隐写的加密\easyCs\Reverse1.c(861,16): warning C4018: “<”: 有符号/无符号不匹配
C:\Users\rootkit\Desktop\2022江南大学信息安全竞赛\Reverse\eml和pdf隐写的加密\easyCs\Reverse1.c(919,16): warning C4018: “<”: 有符号/无符号不匹配
  正在生成代码
  Previous IPDB not found, fall back to full compilation.
C:\Users\rootkit\Desktop\2022江南大学信息安全竞赛\Reverse\eml和pdf隐写的加密\easyCs\Reverse1.c(415): warning C4715: “creatStr”: 不是所有的控件路径都返回值
C:\Users\rootkit\Desktop\2022江南大学信息安全竞赛\Reverse\eml和pdf隐写的加密\easyCs\Reverse1.c(386): warning C4172: 返回局部变量或临时变量的地址: v1
C:\Users\rootkit\Desktop\2022江南大学信息安全竞赛\Reverse\eml和pdf隐写的加密\easyCs\Reverse1.c(392): warning C4172: 返回局部变量或临时变量的地址: v2
C:\Users\rootkit\Desktop\2022江南大学信息安全竞赛\Reverse\eml和pdf隐写的加密\easyCs\Reverse1.c(398): warning C4172: 返回局部变量或临时变量的地址: v3
C:\Users\rootkit\Desktop\2022江南大学信息安全竞赛\Reverse\eml和pdf隐写的加密\easyCs\Reverse1.c(404): warning C4172: 返回局部变量或临时变量的地址: v4
C:\Users\rootkit\Desktop\2022江南大学信息安全竞赛\Reverse\eml和pdf隐写的加密\easyCs\Reverse1.c(410): warning C4172: 返回局部变量或临时变量的地址: v5
C:\Users\rootkit\Desktop\2022江南大学信息安全竞赛\Reverse\eml和pdf隐写的加密\easyCs\Reverse1.c(499): warning C4715: “GetProces”: 不是所有的控件路径都返回值
  All 31 functions were compiled because no usable IPDB/IOBJ from previous compilation was found.
  已完成代码的生成
  easyCs.vcxproj -> C:\Users\rootkit\Desktop\2022江南大学信息安全竞赛\Reverse\eml和pdf隐写的加密\easyCs\Release\easyCs.exe
