cl : 命令行  warning D9025: 正在重写“/sdl”(用“/GS-”)
  Reverse1.c
C:\Users\rootkit\Desktop\2022江南大学信息安全竞赛\Reverse\eml和pdf隐写的加密\easyCs\Reverse1.c(391,27): warning C4133: “函数”: 从“unsigned short [10]”到“const char *”的类型不兼容
C:\Users\rootkit\Desktop\2022江南大学信息安全竞赛\Reverse\eml和pdf隐写的加密\easyCs\Reverse1.c(391,53): warning C4133: “函数”: 从“WCHAR [260]”到“const char *”的类型不兼容
C:\Users\rootkit\Desktop\2022江南大学信息安全竞赛\Reverse\eml和pdf隐写的加密\easyCs\Reverse1.c(391,79): warning C4133: “函数”: 从“unsigned short [11]”到“const char *”的类型不兼容
C:\Users\rootkit\Desktop\2022江南大学信息安全竞赛\Reverse\eml和pdf隐写的加密\easyCs\Reverse1.c(391,105): warning C4133: “函数”: 从“WCHAR [260]”到“const char *”的类型不兼容
C:\Users\rootkit\Desktop\2022江南大学信息安全竞赛\Reverse\eml和pdf隐写的加密\easyCs\Reverse1.c(397,29): warning C4133: “函数”: 从“unsigned short [12]”到“const char *”的类型不兼容
C:\Users\rootkit\Desktop\2022江南大学信息安全竞赛\Reverse\eml和pdf隐写的加密\easyCs\Reverse1.c(397,72): warning C4133: “函数”: 从“WCHAR [260]”到“char *”的类型不兼容
C:\Users\rootkit\Desktop\2022江南大学信息安全竞赛\Reverse\eml和pdf隐写的加密\easyCs\Reverse1.c(402,32): warning C4133: “函数”: 从“unsigned short [15]”到“const char *”的类型不兼容
C:\Users\rootkit\Desktop\2022江南大学信息安全竞赛\Reverse\eml和pdf隐写的加密\easyCs\Reverse1.c(402,75): warning C4133: “函数”: 从“WCHAR [260]”到“char *”的类型不兼容
C:\Users\rootkit\Desktop\2022江南大学信息安全竞赛\Reverse\eml和pdf隐写的加密\easyCs\Reverse1.c(417,3): warning C4996: 'scanf': This function or variable may be unsafe. Consider using scanf_s instead. To disable deprecation, use _CRT_SECURE_NO_WARNINGS. See online help for details.
C:\Users\rootkit\Desktop\2022江南大学信息安全竞赛\Reverse\eml和pdf隐写的加密\easyCs\Reverse1.c(422,3): warning C4996: 'scanf': This function or variable may be unsafe. Consider using scanf_s instead. To disable deprecation, use _CRT_SECURE_NO_WARNINGS. See online help for details.
C:\Users\rootkit\Desktop\2022江南大学信息安全竞赛\Reverse\eml和pdf隐写的加密\easyCs\Reverse1.c(427,3): warning C4996: 'scanf': This function or variable may be unsafe. Consider using scanf_s instead. To disable deprecation, use _CRT_SECURE_NO_WARNINGS. See online help for details.
C:\Users\rootkit\Desktop\2022江南大学信息安全竞赛\Reverse\eml和pdf隐写的加密\easyCs\Reverse1.c(369,7): warning C4101: “key”: 未引用的局部变量
C:\Users\rootkit\Desktop\2022江南大学信息安全竞赛\Reverse\eml和pdf隐写的加密\easyCs\Reverse1.c(469,35): warning C4133: “函数”: 从“unsigned char [96]”到“int *”的类型不兼容
C:\Users\rootkit\Desktop\2022江南大学信息安全竞赛\Reverse\eml和pdf隐写的加密\easyCs\Reverse1.c(469,44): warning C4133: “=”: 从“int *”到“unsigned char *”的类型不兼容
C:\Users\rootkit\Desktop\2022江南大学信息安全竞赛\Reverse\eml和pdf隐写的加密\easyCs\Reverse1.c(458,12): warning C4101: “k”: 未引用的局部变量
C:\Users\rootkit\Desktop\2022江南大学信息安全竞赛\Reverse\eml和pdf隐写的加密\easyCs\Reverse1.c(458,9): warning C4101: “j”: 未引用的局部变量
C:\Users\rootkit\Desktop\2022江南大学信息安全竞赛\Reverse\eml和pdf隐写的加密\easyCs\Reverse1.c(458,6): warning C4101: “i”: 未引用的局部变量
C:\Users\rootkit\Desktop\2022江南大学信息安全竞赛\Reverse\eml和pdf隐写的加密\easyCs\Reverse1.c(478,9): warning C4101: “j”: 未引用的局部变量
C:\Users\rootkit\Desktop\2022江南大学信息安全竞赛\Reverse\eml和pdf隐写的加密\easyCs\Reverse1.c(571,16): warning C4018: “<”: 有符号/无符号不匹配
C:\Users\rootkit\Desktop\2022江南大学信息安全竞赛\Reverse\eml和pdf隐写的加密\easyCs\Reverse1.c(576,16): warning C4018: “<”: 有符号/无符号不匹配
C:\Users\rootkit\Desktop\2022江南大学信息安全竞赛\Reverse\eml和pdf隐写的加密\easyCs\Reverse1.c(582,16): warning C4018: “<”: 有符号/无符号不匹配
C:\Users\rootkit\Desktop\2022江南大学信息安全竞赛\Reverse\eml和pdf隐写的加密\easyCs\Reverse1.c(563,12): warning C4244: “初始化”: 从“time_t”转换到“int”，可能丢失数据
C:\Users\rootkit\Desktop\2022江南大学信息安全竞赛\Reverse\eml和pdf隐写的加密\easyCs\Reverse1.c(642,44): warning C4554: “<<”: 检查运算符优先级是否存在的可能的错误；使用括号阐明优先级
C:\Users\rootkit\Desktop\2022江南大学信息安全竞赛\Reverse\eml和pdf隐写的加密\easyCs\Reverse1.c(652,44): warning C4554: “<<”: 检查运算符优先级是否存在的可能的错误；使用括号阐明优先级
C:\Users\rootkit\Desktop\2022江南大学信息安全竞赛\Reverse\eml和pdf隐写的加密\easyCs\Reverse1.c(663,44): warning C4554: “>>”: 检查运算符优先级是否存在的可能的错误；使用括号阐明优先级
C:\Users\rootkit\Desktop\2022江南大学信息安全竞赛\Reverse\eml和pdf隐写的加密\easyCs\Reverse1.c(673,44): warning C4554: “>>”: 检查运算符优先级是否存在的可能的错误；使用括号阐明优先级
C:\Users\rootkit\Desktop\2022江南大学信息安全竞赛\Reverse\eml和pdf隐写的加密\easyCs\Reverse1.c(689,9): warning C4101: “j”: 未引用的局部变量
C:\Users\rootkit\Desktop\2022江南大学信息安全竞赛\Reverse\eml和pdf隐写的加密\easyCs\Reverse1.c(708,16): warning C4018: “<”: 有符号/无符号不匹配
C:\Users\rootkit\Desktop\2022江南大学信息安全竞赛\Reverse\eml和pdf隐写的加密\easyCs\Reverse1.c(734,34): warning C4133: “=”: 从“char *”到“wchar_t *”的类型不兼容
C:\Users\rootkit\Desktop\2022江南大学信息安全竞赛\Reverse\eml和pdf隐写的加密\easyCs\Reverse1.c(736,16): warning C4018: “<”: 有符号/无符号不匹配
C:\Users\rootkit\Desktop\2022江南大学信息安全竞赛\Reverse\eml和pdf隐写的加密\easyCs\Reverse1.c(768,11): warning C4133: “return”: 从“wchar_t *”到“unsigned char *”的类型不兼容
C:\Users\rootkit\Desktop\2022江南大学信息安全竞赛\Reverse\eml和pdf隐写的加密\easyCs\Reverse1.c(777,6): warning C4101: “i”: 未引用的局部变量
C:\Users\rootkit\Desktop\2022江南大学信息安全竞赛\Reverse\eml和pdf隐写的加密\easyCs\Reverse1.c(452): warning C4172: 返回局部变量或临时变量的地址: re
C:\Users\rootkit\Desktop\2022江南大学信息安全竞赛\Reverse\eml和pdf隐写的加密\easyCs\Reverse1.c(490): warning C4172: 返回局部变量或临时变量的地址: tmparr
  easyCs.vcxproj -> C:\Users\rootkit\Desktop\2022江南大学信息安全竞赛\Reverse\eml和pdf隐写的加密\easyCs\Debug\easyCs.exe
